{"/Users/paulius.butkus@lt.ibm.com/Documents/pony-maze/src/config/Config.ts": {"path":"/Users/paulius.butkus@lt.ibm.com/Documents/pony-maze/src/config/Config.ts","statementMap":{"0":{"start":{"line":14,"column":25},"end":{"line":29,"column":1}},"1":{"start":{"line":15,"column":17},"end":{"line":15,"column":38}},"2":{"start":{"line":17,"column":4},"end":{"line":19,"column":5}},"3":{"start":{"line":18,"column":8},"end":{"line":18,"column":74}},"4":{"start":{"line":21,"column":4},"end":{"line":28,"column":5}},"5":{"start":{"line":31,"column":22},"end":{"line":39,"column":1}},"6":{"start":{"line":32,"column":4},"end":{"line":38,"column":43}},"7":{"start":{"line":41,"column":30},"end":{"line":41,"column":41}}},"fnMap":{"0":{"name":"(anonymous_0)","decl":{"start":{"line":14,"column":25},"end":{"line":14,"column":26}},"loc":{"start":{"line":14,"column":39},"end":{"line":29,"column":1}},"line":14},"1":{"name":"(anonymous_1)","decl":{"start":{"line":31,"column":22},"end":{"line":31,"column":23}},"loc":{"start":{"line":32,"column":4},"end":{"line":38,"column":43}},"line":32}},"branchMap":{"0":{"loc":{"start":{"line":17,"column":4},"end":{"line":19,"column":5}},"type":"if","locations":[{"start":{"line":17,"column":4},"end":{"line":19,"column":5}},{"start":{"line":17,"column":4},"end":{"line":19,"column":5}}],"line":17},"1":{"loc":{"start":{"line":17,"column":7},"end":{"line":17,"column":36}},"type":"binary-expr","locations":[{"start":{"line":17,"column":7},"end":{"line":17,"column":12}},{"start":{"line":17,"column":16},"end":{"line":17,"column":36}}],"line":17},"2":{"loc":{"start":{"line":32,"column":4},"end":{"line":38,"column":43}},"type":"binary-expr","locations":[{"start":{"line":32,"column":4},"end":{"line":32,"column":8}},{"start":{"line":33,"column":4},"end":{"line":33,"column":31}},{"start":{"line":34,"column":4},"end":{"line":34,"column":28}},{"start":{"line":35,"column":4},"end":{"line":35,"column":40}},{"start":{"line":36,"column":4},"end":{"line":36,"column":40}},{"start":{"line":37,"column":4},"end":{"line":37,"column":43}},{"start":{"line":38,"column":4},"end":{"line":38,"column":43}}],"line":32}},"s":{"0":1,"1":1,"2":1,"3":0,"4":1,"5":1,"6":1,"7":1},"f":{"0":1,"1":1},"b":{"0":[0,1],"1":[1,1],"2":[1,1,1,1,1,1,1]},"_coverageSchema":"1a1c01bbd47fc00a2c39e90264f33305004495a9","hash":"0a19c7fec632511692289ae7d41a1c0cdea1ef63"}
,"/Users/paulius.butkus@lt.ibm.com/Documents/pony-maze/src/entity/Cell.ts": {"path":"/Users/paulius.butkus@lt.ibm.com/Documents/pony-maze/src/entity/Cell.ts","statementMap":{"0":{"start":{"line":12,"column":8},"end":{"line":12,"column":63}},"1":{"start":{"line":13,"column":8},"end":{"line":13,"column":29}},"2":{"start":{"line":14,"column":8},"end":{"line":14,"column":30}},"3":{"start":{"line":15,"column":8},"end":{"line":15,"column":28}},"4":{"start":{"line":16,"column":8},"end":{"line":16,"column":31}},"5":{"start":{"line":17,"column":8},"end":{"line":17,"column":29}},"6":{"start":{"line":21,"column":8},"end":{"line":21,"column":91}},"7":{"start":{"line":25,"column":8},"end":{"line":25,"column":90}},"8":{"start":{"line":29,"column":8},"end":{"line":29,"column":93}},"9":{"start":{"line":33,"column":8},"end":{"line":33,"column":90}},"10":{"start":{"line":37,"column":8},"end":{"line":37,"column":74}},"11":{"start":{"line":41,"column":8},"end":{"line":41,"column":73}},"12":{"start":{"line":45,"column":8},"end":{"line":45,"column":74}},"13":{"start":{"line":49,"column":8},"end":{"line":49,"column":73}},"14":{"start":{"line":53,"column":8},"end":{"line":53,"column":29}},"15":{"start":{"line":57,"column":8},"end":{"line":57,"column":30}},"16":{"start":{"line":61,"column":8},"end":{"line":61,"column":28}},"17":{"start":{"line":65,"column":8},"end":{"line":65,"column":31}},"18":{"start":{"line":69,"column":8},"end":{"line":69,"column":46}},"19":{"start":{"line":73,"column":8},"end":{"line":73,"column":46}},"20":{"start":{"line":77,"column":8},"end":{"line":77,"column":28}},"21":{"start":{"line":81,"column":8},"end":{"line":81,"column":28}},"22":{"start":{"line":85,"column":8},"end":{"line":85,"column":30}},"23":{"start":{"line":89,"column":8},"end":{"line":89,"column":31}},"24":{"start":{"line":93,"column":8},"end":{"line":93,"column":29}},"25":{"start":{"line":97,"column":8},"end":{"line":97,"column":32}}},"fnMap":{"0":{"name":"(anonymous_0)","decl":{"start":{"line":11,"column":4},"end":{"line":11,"column":5}},"loc":{"start":{"line":11,"column":48},"end":{"line":18,"column":5}},"line":11},"1":{"name":"(anonymous_1)","decl":{"start":{"line":20,"column":4},"end":{"line":20,"column":5}},"loc":{"start":{"line":20,"column":32},"end":{"line":22,"column":5}},"line":20},"2":{"name":"(anonymous_2)","decl":{"start":{"line":24,"column":4},"end":{"line":24,"column":5}},"loc":{"start":{"line":24,"column":33},"end":{"line":26,"column":5}},"line":24},"3":{"name":"(anonymous_3)","decl":{"start":{"line":28,"column":4},"end":{"line":28,"column":5}},"loc":{"start":{"line":28,"column":31},"end":{"line":30,"column":5}},"line":28},"4":{"name":"(anonymous_4)","decl":{"start":{"line":32,"column":4},"end":{"line":32,"column":5}},"loc":{"start":{"line":32,"column":34},"end":{"line":34,"column":5}},"line":32},"5":{"name":"(anonymous_5)","decl":{"start":{"line":36,"column":4},"end":{"line":36,"column":5}},"loc":{"start":{"line":36,"column":35},"end":{"line":38,"column":5}},"line":36},"6":{"name":"(anonymous_6)","decl":{"start":{"line":40,"column":4},"end":{"line":40,"column":5}},"loc":{"start":{"line":40,"column":36},"end":{"line":42,"column":5}},"line":40},"7":{"name":"(anonymous_7)","decl":{"start":{"line":44,"column":4},"end":{"line":44,"column":5}},"loc":{"start":{"line":44,"column":35},"end":{"line":46,"column":5}},"line":44},"8":{"name":"(anonymous_8)","decl":{"start":{"line":48,"column":4},"end":{"line":48,"column":5}},"loc":{"start":{"line":48,"column":38},"end":{"line":50,"column":5}},"line":48},"9":{"name":"(anonymous_9)","decl":{"start":{"line":52,"column":4},"end":{"line":52,"column":5}},"loc":{"start":{"line":52,"column":18},"end":{"line":54,"column":5}},"line":52},"10":{"name":"(anonymous_10)","decl":{"start":{"line":56,"column":4},"end":{"line":56,"column":5}},"loc":{"start":{"line":56,"column":19},"end":{"line":58,"column":5}},"line":56},"11":{"name":"(anonymous_11)","decl":{"start":{"line":60,"column":4},"end":{"line":60,"column":5}},"loc":{"start":{"line":60,"column":17},"end":{"line":62,"column":5}},"line":60},"12":{"name":"(anonymous_12)","decl":{"start":{"line":64,"column":4},"end":{"line":64,"column":5}},"loc":{"start":{"line":64,"column":20},"end":{"line":66,"column":5}},"line":64},"13":{"name":"(anonymous_13)","decl":{"start":{"line":68,"column":4},"end":{"line":68,"column":5}},"loc":{"start":{"line":68,"column":16},"end":{"line":70,"column":5}},"line":68},"14":{"name":"(anonymous_14)","decl":{"start":{"line":72,"column":4},"end":{"line":72,"column":5}},"loc":{"start":{"line":72,"column":16},"end":{"line":74,"column":5}},"line":72},"15":{"name":"(anonymous_15)","decl":{"start":{"line":76,"column":4},"end":{"line":76,"column":5}},"loc":{"start":{"line":76,"column":16},"end":{"line":78,"column":5}},"line":76},"16":{"name":"(anonymous_16)","decl":{"start":{"line":80,"column":4},"end":{"line":80,"column":5}},"loc":{"start":{"line":80,"column":18},"end":{"line":82,"column":5}},"line":80},"17":{"name":"(anonymous_17)","decl":{"start":{"line":84,"column":4},"end":{"line":84,"column":5}},"loc":{"start":{"line":84,"column":21},"end":{"line":86,"column":5}},"line":84},"18":{"name":"(anonymous_18)","decl":{"start":{"line":88,"column":4},"end":{"line":88,"column":5}},"loc":{"start":{"line":88,"column":22},"end":{"line":90,"column":5}},"line":88},"19":{"name":"(anonymous_19)","decl":{"start":{"line":92,"column":4},"end":{"line":92,"column":5}},"loc":{"start":{"line":92,"column":20},"end":{"line":94,"column":5}},"line":92},"20":{"name":"(anonymous_20)","decl":{"start":{"line":96,"column":4},"end":{"line":96,"column":5}},"loc":{"start":{"line":96,"column":23},"end":{"line":98,"column":5}},"line":96}},"branchMap":{"0":{"loc":{"start":{"line":21,"column":15},"end":{"line":21,"column":90}},"type":"binary-expr","locations":[{"start":{"line":21,"column":15},"end":{"line":21,"column":45}},{"start":{"line":21,"column":49},"end":{"line":21,"column":67}},{"start":{"line":21,"column":71},"end":{"line":21,"column":90}}],"line":21},"1":{"loc":{"start":{"line":25,"column":15},"end":{"line":25,"column":89}},"type":"binary-expr","locations":[{"start":{"line":25,"column":15},"end":{"line":25,"column":44}},{"start":{"line":25,"column":48},"end":{"line":25,"column":67}},{"start":{"line":25,"column":71},"end":{"line":25,"column":89}}],"line":25},"2":{"loc":{"start":{"line":29,"column":15},"end":{"line":29,"column":92}},"type":"binary-expr","locations":[{"start":{"line":29,"column":15},"end":{"line":29,"column":47}},{"start":{"line":29,"column":51},"end":{"line":29,"column":68}},{"start":{"line":29,"column":72},"end":{"line":29,"column":92}}],"line":29},"3":{"loc":{"start":{"line":33,"column":15},"end":{"line":33,"column":89}},"type":"binary-expr","locations":[{"start":{"line":33,"column":15},"end":{"line":33,"column":44}},{"start":{"line":33,"column":48},"end":{"line":33,"column":68}},{"start":{"line":33,"column":72},"end":{"line":33,"column":89}}],"line":33}},"s":{"0":628,"1":628,"2":628,"3":628,"4":628,"5":628,"6":0,"7":0,"8":0,"9":0,"10":303,"11":303,"12":303,"13":303,"14":302,"15":302,"16":302,"17":302,"18":7185,"19":7185,"20":2723,"21":566,"22":159,"23":159,"24":144,"25":144},"f":{"0":628,"1":0,"2":0,"3":0,"4":0,"5":303,"6":303,"7":303,"8":303,"9":302,"10":302,"11":302,"12":302,"13":7185,"14":7185,"15":2723,"16":566,"17":159,"18":159,"19":144,"20":144},"b":{"0":[0,0,0],"1":[0,0,0],"2":[0,0,0],"3":[0,0,0]},"_coverageSchema":"1a1c01bbd47fc00a2c39e90264f33305004495a9","hash":"2643bf21995fc57d9881a1bac59160e1283e7770"}
,"/Users/paulius.butkus@lt.ibm.com/Documents/pony-maze/src/entity/Game.ts": {"path":"/Users/paulius.butkus@lt.ibm.com/Documents/pony-maze/src/entity/Game.ts","statementMap":{"0":{"start":{"line":15,"column":8},"end":{"line":15,"column":60}},"1":{"start":{"line":16,"column":8},"end":{"line":16,"column":67}},"2":{"start":{"line":17,"column":8},"end":{"line":17,"column":55}},"3":{"start":{"line":18,"column":8},"end":{"line":18,"column":28}},"4":{"start":{"line":22,"column":8},"end":{"line":22,"column":25}},"5":{"start":{"line":26,"column":8},"end":{"line":26,"column":27}},"6":{"start":{"line":30,"column":8},"end":{"line":30,"column":28}},"7":{"start":{"line":34,"column":8},"end":{"line":51,"column":9}},"8":{"start":{"line":36,"column":15},"end":{"line":36,"column":34}},"9":{"start":{"line":37,"column":15},"end":{"line":37,"column":21}},"10":{"start":{"line":40,"column":16},"end":{"line":40,"column":36}},"11":{"start":{"line":41,"column":16},"end":{"line":41,"column":22}},"12":{"start":{"line":44,"column":16},"end":{"line":44,"column":33}},"13":{"start":{"line":45,"column":16},"end":{"line":45,"column":22}},"14":{"start":{"line":48,"column":16},"end":{"line":48,"column":35}},"15":{"start":{"line":49,"column":16},"end":{"line":49,"column":22}},"16":{"start":{"line":55,"column":35},"end":{"line":55,"column":89}},"17":{"start":{"line":56,"column":37},"end":{"line":56,"column":76}},"18":{"start":{"line":57,"column":8},"end":{"line":57,"column":80}},"19":{"start":{"line":61,"column":8},"end":{"line":61,"column":27}},"20":{"start":{"line":65,"column":8},"end":{"line":65,"column":27}},"21":{"start":{"line":69,"column":31},"end":{"line":69,"column":56}},"22":{"start":{"line":70,"column":33},"end":{"line":70,"column":51}},"23":{"start":{"line":71,"column":8},"end":{"line":72,"column":72}},"24":{"start":{"line":76,"column":31},"end":{"line":76,"column":56}},"25":{"start":{"line":77,"column":32},"end":{"line":77,"column":58}},"26":{"start":{"line":78,"column":8},"end":{"line":79,"column":71}}},"fnMap":{"0":{"name":"(anonymous_0)","decl":{"start":{"line":14,"column":4},"end":{"line":14,"column":5}},"loc":{"start":{"line":14,"column":91},"end":{"line":19,"column":5}},"line":14},"1":{"name":"(anonymous_1)","decl":{"start":{"line":21,"column":4},"end":{"line":21,"column":5}},"loc":{"start":{"line":21,"column":14},"end":{"line":23,"column":5}},"line":21},"2":{"name":"(anonymous_2)","decl":{"start":{"line":25,"column":4},"end":{"line":25,"column":5}},"loc":{"start":{"line":25,"column":16},"end":{"line":27,"column":5}},"line":25},"3":{"name":"(anonymous_3)","decl":{"start":{"line":29,"column":4},"end":{"line":29,"column":5}},"loc":{"start":{"line":29,"column":17},"end":{"line":31,"column":5}},"line":29},"4":{"name":"(anonymous_4)","decl":{"start":{"line":33,"column":4},"end":{"line":33,"column":5}},"loc":{"start":{"line":33,"column":60},"end":{"line":52,"column":5}},"line":33},"5":{"name":"(anonymous_5)","decl":{"start":{"line":54,"column":4},"end":{"line":54,"column":5}},"loc":{"start":{"line":54,"column":44},"end":{"line":58,"column":5}},"line":54},"6":{"name":"(anonymous_6)","decl":{"start":{"line":60,"column":4},"end":{"line":60,"column":5}},"loc":{"start":{"line":60,"column":17},"end":{"line":62,"column":5}},"line":60},"7":{"name":"(anonymous_7)","decl":{"start":{"line":64,"column":4},"end":{"line":64,"column":5}},"loc":{"start":{"line":64,"column":17},"end":{"line":66,"column":5}},"line":64},"8":{"name":"(anonymous_8)","decl":{"start":{"line":68,"column":4},"end":{"line":68,"column":5}},"loc":{"start":{"line":68,"column":12},"end":{"line":73,"column":5}},"line":68},"9":{"name":"(anonymous_9)","decl":{"start":{"line":75,"column":4},"end":{"line":75,"column":5}},"loc":{"start":{"line":75,"column":13},"end":{"line":80,"column":5}},"line":75}},"branchMap":{"0":{"loc":{"start":{"line":34,"column":8},"end":{"line":51,"column":9}},"type":"switch","locations":[{"start":{"line":35,"column":12},"end":{"line":38,"column":13}},{"start":{"line":39,"column":12},"end":{"line":42,"column":13}},{"start":{"line":43,"column":12},"end":{"line":46,"column":13}},{"start":{"line":47,"column":12},"end":{"line":50,"column":13}}],"line":34},"1":{"loc":{"start":{"line":71,"column":15},"end":{"line":72,"column":71}},"type":"binary-expr","locations":[{"start":{"line":71,"column":15},"end":{"line":71,"column":74}},{"start":{"line":72,"column":12},"end":{"line":72,"column":71}}],"line":71},"2":{"loc":{"start":{"line":78,"column":15},"end":{"line":79,"column":70}},"type":"binary-expr","locations":[{"start":{"line":78,"column":15},"end":{"line":78,"column":73}},{"start":{"line":79,"column":12},"end":{"line":79,"column":70}}],"line":78}},"s":{"0":1,"1":1,"2":1,"3":1,"4":1,"5":315,"6":315,"7":0,"8":0,"9":0,"10":0,"11":0,"12":0,"13":0,"14":0,"15":0,"16":0,"17":0,"18":0,"19":0,"20":0,"21":0,"22":0,"23":0,"24":0,"25":0,"26":0},"f":{"0":1,"1":1,"2":315,"3":315,"4":0,"5":0,"6":0,"7":0,"8":0,"9":0},"b":{"0":[0,0,0,0],"1":[0,0],"2":[0,0]},"_coverageSchema":"1a1c01bbd47fc00a2c39e90264f33305004495a9","hash":"7230bcd6a3f7b53edbb18818b6fccfc47697efe7"}
,"/Users/paulius.butkus@lt.ibm.com/Documents/pony-maze/src/entity/LocationPoint.ts": {"path":"/Users/paulius.butkus@lt.ibm.com/Documents/pony-maze/src/entity/LocationPoint.ts","statementMap":{"0":{"start":{"line":7,"column":8},"end":{"line":7,"column":29}},"1":{"start":{"line":8,"column":8},"end":{"line":8,"column":29}},"2":{"start":{"line":12,"column":8},"end":{"line":12,"column":27}},"3":{"start":{"line":16,"column":8},"end":{"line":16,"column":27}}},"fnMap":{"0":{"name":"(anonymous_0)","decl":{"start":{"line":6,"column":4},"end":{"line":6,"column":5}},"loc":{"start":{"line":6,"column":48},"end":{"line":9,"column":5}},"line":6},"1":{"name":"(anonymous_1)","decl":{"start":{"line":11,"column":4},"end":{"line":11,"column":5}},"loc":{"start":{"line":11,"column":16},"end":{"line":13,"column":5}},"line":11},"2":{"name":"(anonymous_2)","decl":{"start":{"line":15,"column":4},"end":{"line":15,"column":5}},"loc":{"start":{"line":15,"column":16},"end":{"line":17,"column":5}},"line":15}},"branchMap":{},"s":{"0":632,"1":632,"2":8994,"3":7854},"f":{"0":632,"1":8994,"2":7854},"b":{},"_coverageSchema":"1a1c01bbd47fc00a2c39e90264f33305004495a9","hash":"4cf88568736272672698c38872d1d06368072e80"}
,"/Users/paulius.butkus@lt.ibm.com/Documents/pony-maze/src/entity/Maze.ts": {"path":"/Users/paulius.butkus@lt.ibm.com/Documents/pony-maze/src/entity/Maze.ts","statementMap":{"0":{"start":{"line":18,"column":8},"end":{"line":20,"column":9}},"1":{"start":{"line":19,"column":12},"end":{"line":19,"column":57}},"2":{"start":{"line":22,"column":8},"end":{"line":22,"column":21}},"3":{"start":{"line":23,"column":8},"end":{"line":23,"column":35}},"4":{"start":{"line":24,"column":8},"end":{"line":24,"column":41}},"5":{"start":{"line":25,"column":8},"end":{"line":25,"column":59}},"6":{"start":{"line":26,"column":8},"end":{"line":26,"column":59}},"7":{"start":{"line":27,"column":8},"end":{"line":27,"column":71}},"8":{"start":{"line":28,"column":8},"end":{"line":28,"column":29}},"9":{"start":{"line":32,"column":26},"end":{"line":32,"column":103}},"10":{"start":{"line":33,"column":8},"end":{"line":33,"column":53}},"11":{"start":{"line":37,"column":8},"end":{"line":37,"column":45}},"12":{"start":{"line":38,"column":41},"end":{"line":38,"column":87}},"13":{"start":{"line":40,"column":8},"end":{"line":47,"column":9}},"14":{"start":{"line":41,"column":40},"end":{"line":41,"column":97}},"15":{"start":{"line":42,"column":12},"end":{"line":44,"column":13}},"16":{"start":{"line":43,"column":16},"end":{"line":43,"column":77}},"17":{"start":{"line":45,"column":12},"end":{"line":45,"column":66}},"18":{"start":{"line":46,"column":12},"end":{"line":46,"column":67}},"19":{"start":{"line":51,"column":8},"end":{"line":51,"column":93}},"20":{"start":{"line":51,"column":66},"end":{"line":51,"column":91}},"21":{"start":{"line":55,"column":39},"end":{"line":55,"column":41}},"22":{"start":{"line":57,"column":8},"end":{"line":60,"column":9}},"23":{"start":{"line":58,"column":38},"end":{"line":58,"column":96}},"24":{"start":{"line":59,"column":12},"end":{"line":59,"column":51}},"25":{"start":{"line":62,"column":8},"end":{"line":65,"column":9}},"26":{"start":{"line":63,"column":39},"end":{"line":63,"column":97}},"27":{"start":{"line":64,"column":12},"end":{"line":64,"column":52}},"28":{"start":{"line":67,"column":8},"end":{"line":70,"column":9}},"29":{"start":{"line":68,"column":37},"end":{"line":68,"column":95}},"30":{"start":{"line":69,"column":12},"end":{"line":69,"column":50}},"31":{"start":{"line":72,"column":8},"end":{"line":75,"column":9}},"32":{"start":{"line":73,"column":40},"end":{"line":73,"column":98}},"33":{"start":{"line":74,"column":12},"end":{"line":74,"column":53}},"34":{"start":{"line":77,"column":8},"end":{"line":77,"column":39}},"35":{"start":{"line":81,"column":37},"end":{"line":81,"column":72}},"36":{"start":{"line":82,"column":8},"end":{"line":82,"column":52}},"37":{"start":{"line":86,"column":8},"end":{"line":87,"column":91}},"38":{"start":{"line":91,"column":8},"end":{"line":91,"column":30}},"39":{"start":{"line":95,"column":8},"end":{"line":95,"column":33}},"40":{"start":{"line":99,"column":8},"end":{"line":99,"column":32}},"41":{"start":{"line":103,"column":8},"end":{"line":103,"column":83}},"42":{"start":{"line":107,"column":8},"end":{"line":107,"column":85}},"43":{"start":{"line":111,"column":40},"end":{"line":111,"column":42}},"44":{"start":{"line":112,"column":28},"end":{"line":112,"column":105}},"45":{"start":{"line":113,"column":31},"end":{"line":113,"column":66}},"46":{"start":{"line":115,"column":8},"end":{"line":128,"column":11}},"47":{"start":{"line":116,"column":12},"end":{"line":118,"column":13}},"48":{"start":{"line":117,"column":16},"end":{"line":117,"column":48}},"49":{"start":{"line":119,"column":12},"end":{"line":121,"column":13}},"50":{"start":{"line":120,"column":16},"end":{"line":120,"column":49}},"51":{"start":{"line":122,"column":12},"end":{"line":124,"column":13}},"52":{"start":{"line":123,"column":16},"end":{"line":123,"column":46}},"53":{"start":{"line":125,"column":12},"end":{"line":127,"column":13}},"54":{"start":{"line":126,"column":16},"end":{"line":126,"column":48}},"55":{"start":{"line":130,"column":8},"end":{"line":130,"column":26}}},"fnMap":{"0":{"name":"(anonymous_0)","decl":{"start":{"line":17,"column":4},"end":{"line":17,"column":5}},"loc":{"start":{"line":17,"column":69},"end":{"line":29,"column":5}},"line":17},"1":{"name":"(anonymous_1)","decl":{"start":{"line":31,"column":4},"end":{"line":31,"column":5}},"loc":{"start":{"line":31,"column":20},"end":{"line":34,"column":5}},"line":31},"2":{"name":"(anonymous_2)","decl":{"start":{"line":36,"column":4},"end":{"line":36,"column":5}},"loc":{"start":{"line":36,"column":53},"end":{"line":48,"column":5}},"line":36},"3":{"name":"(anonymous_3)","decl":{"start":{"line":50,"column":4},"end":{"line":50,"column":5}},"loc":{"start":{"line":50,"column":51},"end":{"line":52,"column":5}},"line":50},"4":{"name":"(anonymous_4)","decl":{"start":{"line":51,"column":58},"end":{"line":51,"column":59}},"loc":{"start":{"line":51,"column":66},"end":{"line":51,"column":91}},"line":51},"5":{"name":"(anonymous_5)","decl":{"start":{"line":54,"column":4},"end":{"line":54,"column":5}},"loc":{"start":{"line":54,"column":34},"end":{"line":78,"column":5}},"line":54},"6":{"name":"(anonymous_6)","decl":{"start":{"line":80,"column":4},"end":{"line":80,"column":5}},"loc":{"start":{"line":80,"column":56},"end":{"line":83,"column":5}},"line":80},"7":{"name":"(anonymous_7)","decl":{"start":{"line":85,"column":4},"end":{"line":85,"column":5}},"loc":{"start":{"line":85,"column":73},"end":{"line":88,"column":5}},"line":85},"8":{"name":"(anonymous_8)","decl":{"start":{"line":90,"column":4},"end":{"line":90,"column":5}},"loc":{"start":{"line":90,"column":19},"end":{"line":92,"column":5}},"line":90},"9":{"name":"(anonymous_9)","decl":{"start":{"line":94,"column":4},"end":{"line":94,"column":5}},"loc":{"start":{"line":94,"column":22},"end":{"line":96,"column":5}},"line":94},"10":{"name":"(anonymous_10)","decl":{"start":{"line":98,"column":4},"end":{"line":98,"column":5}},"loc":{"start":{"line":98,"column":41},"end":{"line":100,"column":5}},"line":98},"11":{"name":"(anonymous_11)","decl":{"start":{"line":102,"column":4},"end":{"line":102,"column":5}},"loc":{"start":{"line":102,"column":30},"end":{"line":104,"column":5}},"line":102},"12":{"name":"(anonymous_12)","decl":{"start":{"line":106,"column":4},"end":{"line":106,"column":5}},"loc":{"start":{"line":106,"column":34},"end":{"line":108,"column":5}},"line":106},"13":{"name":"(anonymous_13)","decl":{"start":{"line":110,"column":4},"end":{"line":110,"column":5}},"loc":{"start":{"line":110,"column":58},"end":{"line":131,"column":5}},"line":110},"14":{"name":"(anonymous_14)","decl":{"start":{"line":115,"column":32},"end":{"line":115,"column":33}},"loc":{"start":{"line":115,"column":49},"end":{"line":128,"column":9}},"line":115}},"branchMap":{"0":{"loc":{"start":{"line":18,"column":8},"end":{"line":20,"column":9}},"type":"if","locations":[{"start":{"line":18,"column":8},"end":{"line":20,"column":9}},{"start":{"line":18,"column":8},"end":{"line":20,"column":9}}],"line":18},"1":{"loc":{"start":{"line":42,"column":12},"end":{"line":44,"column":13}},"type":"if","locations":[{"start":{"line":42,"column":12},"end":{"line":44,"column":13}},{"start":{"line":42,"column":12},"end":{"line":44,"column":13}}],"line":42},"2":{"loc":{"start":{"line":57,"column":8},"end":{"line":60,"column":9}},"type":"if","locations":[{"start":{"line":57,"column":8},"end":{"line":60,"column":9}},{"start":{"line":57,"column":8},"end":{"line":60,"column":9}}],"line":57},"3":{"loc":{"start":{"line":62,"column":8},"end":{"line":65,"column":9}},"type":"if","locations":[{"start":{"line":62,"column":8},"end":{"line":65,"column":9}},{"start":{"line":62,"column":8},"end":{"line":65,"column":9}}],"line":62},"4":{"loc":{"start":{"line":67,"column":8},"end":{"line":70,"column":9}},"type":"if","locations":[{"start":{"line":67,"column":8},"end":{"line":70,"column":9}},{"start":{"line":67,"column":8},"end":{"line":70,"column":9}}],"line":67},"5":{"loc":{"start":{"line":72,"column":8},"end":{"line":75,"column":9}},"type":"if","locations":[{"start":{"line":72,"column":8},"end":{"line":75,"column":9}},{"start":{"line":72,"column":8},"end":{"line":75,"column":9}}],"line":72},"6":{"loc":{"start":{"line":86,"column":15},"end":{"line":87,"column":90}},"type":"binary-expr","locations":[{"start":{"line":86,"column":15},"end":{"line":86,"column":84}},{"start":{"line":87,"column":12},"end":{"line":87,"column":90}}],"line":86},"7":{"loc":{"start":{"line":116,"column":12},"end":{"line":118,"column":13}},"type":"if","locations":[{"start":{"line":116,"column":12},"end":{"line":118,"column":13}},{"start":{"line":116,"column":12},"end":{"line":118,"column":13}}],"line":116},"8":{"loc":{"start":{"line":116,"column":16},"end":{"line":116,"column":109}},"type":"binary-expr","locations":[{"start":{"line":116,"column":16},"end":{"line":116,"column":62}},{"start":{"line":116,"column":66},"end":{"line":116,"column":109}}],"line":116},"9":{"loc":{"start":{"line":119,"column":12},"end":{"line":121,"column":13}},"type":"if","locations":[{"start":{"line":119,"column":12},"end":{"line":121,"column":13}},{"start":{"line":119,"column":12},"end":{"line":121,"column":13}}],"line":119},"10":{"loc":{"start":{"line":119,"column":16},"end":{"line":119,"column":109}},"type":"binary-expr","locations":[{"start":{"line":119,"column":16},"end":{"line":119,"column":61}},{"start":{"line":119,"column":65},"end":{"line":119,"column":109}}],"line":119},"11":{"loc":{"start":{"line":122,"column":12},"end":{"line":124,"column":13}},"type":"if","locations":[{"start":{"line":122,"column":12},"end":{"line":124,"column":13}},{"start":{"line":122,"column":12},"end":{"line":124,"column":13}}],"line":122},"12":{"loc":{"start":{"line":122,"column":16},"end":{"line":122,"column":110}},"type":"binary-expr","locations":[{"start":{"line":122,"column":16},"end":{"line":122,"column":64}},{"start":{"line":122,"column":68},"end":{"line":122,"column":110}}],"line":122},"13":{"loc":{"start":{"line":125,"column":12},"end":{"line":127,"column":13}},"type":"if","locations":[{"start":{"line":125,"column":12},"end":{"line":127,"column":13}},{"start":{"line":125,"column":12},"end":{"line":127,"column":13}}],"line":125},"14":{"loc":{"start":{"line":125,"column":16},"end":{"line":125,"column":110}},"type":"binary-expr","locations":[{"start":{"line":125,"column":16},"end":{"line":125,"column":61}},{"start":{"line":125,"column":65},"end":{"line":125,"column":110}}],"line":125}},"s":{"0":1,"1":0,"2":1,"3":1,"4":1,"5":1,"6":1,"7":1,"8":1,"9":1,"10":1,"11":566,"12":566,"13":566,"14":565,"15":565,"16":299,"17":565,"18":565,"19":566,"20":2158,"21":566,"22":566,"23":544,"24":544,"25":566,"26":542,"27":542,"28":566,"29":534,"30":534,"31":566,"32":538,"33":538,"34":566,"35":565,"36":565,"37":1,"38":16,"39":336,"40":5448,"41":2723,"42":566,"43":0,"44":0,"45":0,"46":0,"47":0,"48":0,"49":0,"50":0,"51":0,"52":0,"53":0,"54":0,"55":0},"f":{"0":1,"1":1,"2":566,"3":566,"4":2158,"5":566,"6":565,"7":1,"8":16,"9":336,"10":5448,"11":2723,"12":566,"13":0,"14":0},"b":{"0":[0,1],"1":[299,266],"2":[544,22],"3":[542,24],"4":[534,32],"5":[538,28],"6":[1,1],"7":[0,0],"8":[0,0],"9":[0,0],"10":[0,0],"11":[0,0],"12":[0,0],"13":[0,0],"14":[0,0]},"_coverageSchema":"1a1c01bbd47fc00a2c39e90264f33305004495a9","hash":"fbc8bb1967060f7f3ac4187eb7ed006ca1170881"}
,"/Users/paulius.butkus@lt.ibm.com/Documents/pony-maze/src/entity/Monster.ts": {"path":"/Users/paulius.butkus@lt.ibm.com/Documents/pony-maze/src/entity/Monster.ts","statementMap":{"0":{"start":{"line":6,"column":8},"end":{"line":6,"column":40}},"1":{"start":{"line":10,"column":8},"end":{"line":10,"column":25}}},"fnMap":{"0":{"name":"(anonymous_0)","decl":{"start":{"line":5,"column":4},"end":{"line":5,"column":5}},"loc":{"start":{"line":5,"column":46},"end":{"line":7,"column":5}},"line":5},"1":{"name":"(anonymous_1)","decl":{"start":{"line":9,"column":4},"end":{"line":9,"column":5}},"loc":{"start":{"line":9,"column":14},"end":{"line":11,"column":5}},"line":9}},"branchMap":{},"s":{"0":1,"1":0},"f":{"0":1,"1":0},"b":{},"_coverageSchema":"1a1c01bbd47fc00a2c39e90264f33305004495a9","hash":"ee390a76a45959773a074d6a98a2b5d0fe35823a"}
,"/Users/paulius.butkus@lt.ibm.com/Documents/pony-maze/src/entity/Movable.ts": {"path":"/Users/paulius.butkus@lt.ibm.com/Documents/pony-maze/src/entity/Movable.ts","statementMap":{"0":{"start":{"line":8,"column":8},"end":{"line":8,"column":25}},"1":{"start":{"line":9,"column":8},"end":{"line":9,"column":43}},"2":{"start":{"line":13,"column":8},"end":{"line":13,"column":34}},"3":{"start":{"line":17,"column":8},"end":{"line":20,"column":10}},"4":{"start":{"line":24,"column":8},"end":{"line":27,"column":10}},"5":{"start":{"line":31,"column":8},"end":{"line":34,"column":10}},"6":{"start":{"line":38,"column":8},"end":{"line":41,"column":10}}},"fnMap":{"0":{"name":"(anonymous_0)","decl":{"start":{"line":7,"column":4},"end":{"line":7,"column":5}},"loc":{"start":{"line":7,"column":60},"end":{"line":10,"column":5}},"line":7},"1":{"name":"(anonymous_1)","decl":{"start":{"line":12,"column":4},"end":{"line":12,"column":5}},"loc":{"start":{"line":12,"column":18},"end":{"line":14,"column":5}},"line":12},"2":{"name":"(anonymous_2)","decl":{"start":{"line":16,"column":4},"end":{"line":16,"column":5}},"loc":{"start":{"line":16,"column":15},"end":{"line":21,"column":5}},"line":16},"3":{"name":"(anonymous_3)","decl":{"start":{"line":23,"column":4},"end":{"line":23,"column":5}},"loc":{"start":{"line":23,"column":16},"end":{"line":28,"column":5}},"line":23},"4":{"name":"(anonymous_4)","decl":{"start":{"line":30,"column":4},"end":{"line":30,"column":5}},"loc":{"start":{"line":30,"column":13},"end":{"line":35,"column":5}},"line":30},"5":{"name":"(anonymous_5)","decl":{"start":{"line":37,"column":4},"end":{"line":37,"column":5}},"loc":{"start":{"line":37,"column":15},"end":{"line":42,"column":5}},"line":37}},"branchMap":{},"s":{"0":2,"1":2,"2":630,"3":0,"4":0,"5":0,"6":0},"f":{"0":2,"1":630,"2":0,"3":0,"4":0,"5":0},"b":{},"_coverageSchema":"1a1c01bbd47fc00a2c39e90264f33305004495a9","hash":"9311ea8f59ce1f42cc8152d991e3a9f77bcca376"}
,"/Users/paulius.butkus@lt.ibm.com/Documents/pony-maze/src/entity/Player.ts": {"path":"/Users/paulius.butkus@lt.ibm.com/Documents/pony-maze/src/entity/Player.ts","statementMap":{"0":{"start":{"line":6,"column":8},"end":{"line":6,"column":35}},"1":{"start":{"line":10,"column":8},"end":{"line":10,"column":25}}},"fnMap":{"0":{"name":"(anonymous_0)","decl":{"start":{"line":5,"column":4},"end":{"line":5,"column":5}},"loc":{"start":{"line":5,"column":60},"end":{"line":7,"column":5}},"line":5},"1":{"name":"(anonymous_1)","decl":{"start":{"line":9,"column":4},"end":{"line":9,"column":5}},"loc":{"start":{"line":9,"column":14},"end":{"line":11,"column":5}},"line":9}},"branchMap":{},"s":{"0":1,"1":0},"f":{"0":1,"1":0},"b":{},"_coverageSchema":"1a1c01bbd47fc00a2c39e90264f33305004495a9","hash":"70456a342ee54e927ab562978a6c2b4b4d127795"}
,"/Users/paulius.butkus@lt.ibm.com/Documents/pony-maze/src/utils/Direction.ts": {"path":"/Users/paulius.butkus@lt.ibm.com/Documents/pony-maze/src/utils/Direction.ts","statementMap":{"0":{"start":{"line":8,"column":27},"end":{"line":10,"column":1}},"1":{"start":{"line":9,"column":4},"end":{"line":9,"column":50}}},"fnMap":{"0":{"name":"(anonymous_0)","decl":{"start":{"line":8,"column":27},"end":{"line":8,"column":28}},"loc":{"start":{"line":8,"column":41},"end":{"line":10,"column":1}},"line":8}},"branchMap":{},"s":{"0":1,"1":0},"f":{"0":0},"b":{},"_coverageSchema":"1a1c01bbd47fc00a2c39e90264f33305004495a9","hash":"5a790279d80eb84264c10b009615f60cdccdc82e"}
,"/Users/paulius.butkus@lt.ibm.com/Documents/pony-maze/src/utils/MazeUtils.ts": {"path":"/Users/paulius.butkus@lt.ibm.com/Documents/pony-maze/src/utils/MazeUtils.ts","statementMap":{"0":{"start":{"line":6,"column":25},"end":{"line":6,"column":32}},"1":{"start":{"line":7,"column":23},"end":{"line":7,"column":28}},"2":{"start":{"line":9,"column":28},"end":{"line":19,"column":1}},"3":{"start":{"line":10,"column":27},"end":{"line":10,"column":29}},"4":{"start":{"line":12,"column":4},"end":{"line":17,"column":5}},"5":{"start":{"line":12,"column":24},"end":{"line":12,"column":25}},"6":{"start":{"line":13,"column":8},"end":{"line":13,"column":30}},"7":{"start":{"line":14,"column":8},"end":{"line":16,"column":9}},"8":{"start":{"line":14,"column":31},"end":{"line":14,"column":32}},"9":{"start":{"line":15,"column":12},"end":{"line":15,"column":79}},"10":{"start":{"line":18,"column":4},"end":{"line":18,"column":17}},"11":{"start":{"line":21,"column":29},"end":{"line":24,"column":1}},"12":{"start":{"line":22,"column":30},"end":{"line":22,"column":57}},"13":{"start":{"line":23,"column":4},"end":{"line":23,"column":51}},"14":{"start":{"line":26,"column":27},"end":{"line":30,"column":1}},"15":{"start":{"line":27,"column":30},"end":{"line":27,"column":57}},"16":{"start":{"line":28,"column":25},"end":{"line":28,"column":37}},"17":{"start":{"line":29,"column":4},"end":{"line":29,"column":62}},"18":{"start":{"line":32,"column":41},"end":{"line":52,"column":1}},"19":{"start":{"line":33,"column":4},"end":{"line":36,"column":5}},"20":{"start":{"line":34,"column":8},"end":{"line":34,"column":32}},"21":{"start":{"line":35,"column":8},"end":{"line":35,"column":31}},"22":{"start":{"line":38,"column":4},"end":{"line":41,"column":5}},"23":{"start":{"line":39,"column":8},"end":{"line":39,"column":31}},"24":{"start":{"line":40,"column":8},"end":{"line":40,"column":32}},"25":{"start":{"line":43,"column":4},"end":{"line":46,"column":5}},"26":{"start":{"line":44,"column":8},"end":{"line":44,"column":33}},"27":{"start":{"line":45,"column":8},"end":{"line":45,"column":30}},"28":{"start":{"line":48,"column":4},"end":{"line":51,"column":5}},"29":{"start":{"line":49,"column":8},"end":{"line":49,"column":30}},"30":{"start":{"line":50,"column":8},"end":{"line":50,"column":33}},"31":{"start":{"line":54,"column":34},"end":{"line":144,"column":1}},"32":{"start":{"line":55,"column":17},"end":{"line":55,"column":31}},"33":{"start":{"line":56,"column":20},"end":{"line":90,"column":5}},"34":{"start":{"line":92,"column":4},"end":{"line":94,"column":5}},"35":{"start":{"line":92,"column":17},"end":{"line":92,"column":18}},"36":{"start":{"line":93,"column":8},"end":{"line":93,"column":37}},"37":{"start":{"line":96,"column":4},"end":{"line":135,"column":5}},"38":{"start":{"line":96,"column":17},"end":{"line":96,"column":18}},"39":{"start":{"line":97,"column":8},"end":{"line":97,"column":41}},"40":{"start":{"line":98,"column":8},"end":{"line":133,"column":9}},"41":{"start":{"line":98,"column":21},"end":{"line":98,"column":22}},"42":{"start":{"line":99,"column":12},"end":{"line":99,"column":31}},"43":{"start":{"line":101,"column":25},"end":{"line":101,"column":41}},"44":{"start":{"line":102,"column":30},"end":{"line":102,"column":56}},"45":{"start":{"line":103,"column":32},"end":{"line":103,"column":102}},"46":{"start":{"line":104,"column":30},"end":{"line":104,"column":96}},"47":{"start":{"line":105,"column":37},"end":{"line":106,"column":64}},"48":{"start":{"line":107,"column":38},"end":{"line":108,"column":65}},"49":{"start":{"line":110,"column":12},"end":{"line":112,"column":13}},"50":{"start":{"line":111,"column":16},"end":{"line":111,"column":54}},"51":{"start":{"line":114,"column":12},"end":{"line":116,"column":13}},"52":{"start":{"line":115,"column":16},"end":{"line":115,"column":52}},"53":{"start":{"line":118,"column":12},"end":{"line":120,"column":13}},"54":{"start":{"line":119,"column":16},"end":{"line":119,"column":55}},"55":{"start":{"line":122,"column":12},"end":{"line":122,"column":29}},"56":{"start":{"line":124,"column":12},"end":{"line":126,"column":13}},"57":{"start":{"line":125,"column":16},"end":{"line":125,"column":33}},"58":{"start":{"line":128,"column":12},"end":{"line":130,"column":13}},"59":{"start":{"line":129,"column":16},"end":{"line":129,"column":33}},"60":{"start":{"line":132,"column":12},"end":{"line":132,"column":33}},"61":{"start":{"line":134,"column":8},"end":{"line":134,"column":29}},"62":{"start":{"line":137,"column":4},"end":{"line":142,"column":10}},"63":{"start":{"line":143,"column":4},"end":{"line":143,"column":21}},"64":{"start":{"line":146,"column":29},"end":{"line":166,"column":1}},"65":{"start":{"line":147,"column":18},"end":{"line":147,"column":20}},"66":{"start":{"line":149,"column":4},"end":{"line":151,"column":5}},"67":{"start":{"line":150,"column":8},"end":{"line":150,"column":27}},"68":{"start":{"line":153,"column":4},"end":{"line":155,"column":5}},"69":{"start":{"line":154,"column":8},"end":{"line":154,"column":28}},"70":{"start":{"line":157,"column":4},"end":{"line":159,"column":5}},"71":{"start":{"line":158,"column":8},"end":{"line":158,"column":26}},"72":{"start":{"line":161,"column":4},"end":{"line":163,"column":5}},"73":{"start":{"line":162,"column":8},"end":{"line":162,"column":29}},"74":{"start":{"line":165,"column":4},"end":{"line":165,"column":19}}},"fnMap":{"0":{"name":"(anonymous_0)","decl":{"start":{"line":9,"column":28},"end":{"line":9,"column":29}},"loc":{"start":{"line":9,"column":73},"end":{"line":19,"column":1}},"line":9},"1":{"name":"(anonymous_1)","decl":{"start":{"line":21,"column":29},"end":{"line":21,"column":30}},"loc":{"start":{"line":21,"column":55},"end":{"line":24,"column":1}},"line":21},"2":{"name":"(anonymous_2)","decl":{"start":{"line":26,"column":27},"end":{"line":26,"column":28}},"loc":{"start":{"line":26,"column":72},"end":{"line":30,"column":1}},"line":26},"3":{"name":"(anonymous_3)","decl":{"start":{"line":32,"column":41},"end":{"line":32,"column":42}},"loc":{"start":{"line":32,"column":71},"end":{"line":52,"column":1}},"line":32},"4":{"name":"(anonymous_4)","decl":{"start":{"line":54,"column":34},"end":{"line":54,"column":35}},"loc":{"start":{"line":54,"column":50},"end":{"line":144,"column":1}},"line":54},"5":{"name":"(anonymous_5)","decl":{"start":{"line":146,"column":29},"end":{"line":146,"column":30}},"loc":{"start":{"line":146,"column":45},"end":{"line":166,"column":1}},"line":146}},"branchMap":{"0":{"loc":{"start":{"line":33,"column":4},"end":{"line":36,"column":5}},"type":"if","locations":[{"start":{"line":33,"column":4},"end":{"line":36,"column":5}},{"start":{"line":33,"column":4},"end":{"line":36,"column":5}}],"line":33},"1":{"loc":{"start":{"line":38,"column":4},"end":{"line":41,"column":5}},"type":"if","locations":[{"start":{"line":38,"column":4},"end":{"line":41,"column":5}},{"start":{"line":38,"column":4},"end":{"line":41,"column":5}}],"line":38},"2":{"loc":{"start":{"line":43,"column":4},"end":{"line":46,"column":5}},"type":"if","locations":[{"start":{"line":43,"column":4},"end":{"line":46,"column":5}},{"start":{"line":43,"column":4},"end":{"line":46,"column":5}}],"line":43},"3":{"loc":{"start":{"line":48,"column":4},"end":{"line":51,"column":5}},"type":"if","locations":[{"start":{"line":48,"column":4},"end":{"line":51,"column":5}},{"start":{"line":48,"column":4},"end":{"line":51,"column":5}}],"line":48},"4":{"loc":{"start":{"line":103,"column":32},"end":{"line":103,"column":102}},"type":"binary-expr","locations":[{"start":{"line":103,"column":32},"end":{"line":103,"column":65}},{"start":{"line":103,"column":69},"end":{"line":103,"column":102}}],"line":103},"5":{"loc":{"start":{"line":104,"column":30},"end":{"line":104,"column":96}},"type":"binary-expr","locations":[{"start":{"line":104,"column":30},"end":{"line":104,"column":61}},{"start":{"line":104,"column":65},"end":{"line":104,"column":96}}],"line":104},"6":{"loc":{"start":{"line":105,"column":37},"end":{"line":106,"column":64}},"type":"binary-expr","locations":[{"start":{"line":105,"column":37},"end":{"line":105,"column":85}},{"start":{"line":106,"column":16},"end":{"line":106,"column":64}}],"line":105},"7":{"loc":{"start":{"line":107,"column":38},"end":{"line":108,"column":65}},"type":"binary-expr","locations":[{"start":{"line":107,"column":38},"end":{"line":107,"column":87}},{"start":{"line":108,"column":16},"end":{"line":108,"column":65}}],"line":107},"8":{"loc":{"start":{"line":110,"column":12},"end":{"line":112,"column":13}},"type":"if","locations":[{"start":{"line":110,"column":12},"end":{"line":112,"column":13}},{"start":{"line":110,"column":12},"end":{"line":112,"column":13}}],"line":110},"9":{"loc":{"start":{"line":114,"column":12},"end":{"line":116,"column":13}},"type":"if","locations":[{"start":{"line":114,"column":12},"end":{"line":116,"column":13}},{"start":{"line":114,"column":12},"end":{"line":116,"column":13}}],"line":114},"10":{"loc":{"start":{"line":118,"column":12},"end":{"line":120,"column":13}},"type":"if","locations":[{"start":{"line":118,"column":12},"end":{"line":120,"column":13}},{"start":{"line":118,"column":12},"end":{"line":120,"column":13}}],"line":118},"11":{"loc":{"start":{"line":124,"column":12},"end":{"line":126,"column":13}},"type":"if","locations":[{"start":{"line":124,"column":12},"end":{"line":126,"column":13}},{"start":{"line":124,"column":12},"end":{"line":126,"column":13}}],"line":124},"12":{"loc":{"start":{"line":128,"column":12},"end":{"line":130,"column":13}},"type":"if","locations":[{"start":{"line":128,"column":12},"end":{"line":130,"column":13}},{"start":{"line":128,"column":12},"end":{"line":130,"column":13}}],"line":128},"13":{"loc":{"start":{"line":149,"column":4},"end":{"line":151,"column":5}},"type":"if","locations":[{"start":{"line":149,"column":4},"end":{"line":151,"column":5}},{"start":{"line":149,"column":4},"end":{"line":151,"column":5}}],"line":149},"14":{"loc":{"start":{"line":153,"column":4},"end":{"line":155,"column":5}},"type":"if","locations":[{"start":{"line":153,"column":4},"end":{"line":155,"column":5}},{"start":{"line":153,"column":4},"end":{"line":155,"column":5}}],"line":153},"15":{"loc":{"start":{"line":157,"column":4},"end":{"line":159,"column":5}},"type":"if","locations":[{"start":{"line":157,"column":4},"end":{"line":159,"column":5}},{"start":{"line":157,"column":4},"end":{"line":159,"column":5}}],"line":157},"16":{"loc":{"start":{"line":161,"column":4},"end":{"line":163,"column":5}},"type":"if","locations":[{"start":{"line":161,"column":4},"end":{"line":163,"column":5}},{"start":{"line":161,"column":4},"end":{"line":163,"column":5}}],"line":161}},"s":{"0":1,"1":1,"2":1,"3":2,"4":2,"5":2,"6":31,"7":31,"8":31,"9":620,"10":2,"11":1,"12":2,"13":2,"14":1,"15":2,"16":2,"17":2,"18":1,"19":303,"20":78,"21":78,"22":303,"23":81,"24":81,"25":303,"26":73,"27":73,"28":303,"29":71,"30":71,"31":1,"32":1,"33":1,"34":1,"35":1,"36":20,"37":1,"38":1,"39":15,"40":15,"41":15,"42":300,"43":300,"44":300,"45":300,"46":300,"47":300,"48":300,"49":300,"50":1,"51":300,"52":1,"53":300,"54":300,"55":300,"56":300,"57":1,"58":300,"59":1,"60":300,"61":15,"62":1,"63":1,"64":1,"65":300,"66":300,"67":143,"68":300,"69":143,"70":300,"71":158,"72":300,"73":158,"74":300},"f":{"0":2,"1":2,"2":2,"3":303,"4":1,"5":300},"b":{"0":[78,225],"1":[81,222],"2":[73,230],"3":[71,232],"4":[300,15],"5":[300,15],"6":[300,15],"7":[300,15],"8":[1,299],"9":[1,299],"10":[300,0],"11":[1,299],"12":[1,299],"13":[143,157],"14":[143,157],"15":[158,142],"16":[158,142]},"_coverageSchema":"1a1c01bbd47fc00a2c39e90264f33305004495a9","hash":"1ddbaf1c8cc5dbeb497bdf59f1370d3ba4ba547d"}
,"/Users/paulius.butkus@lt.ibm.com/Documents/pony-maze/src/utils/NumberUtils.ts": {"path":"/Users/paulius.butkus@lt.ibm.com/Documents/pony-maze/src/utils/NumberUtils.ts","statementMap":{"0":{"start":{"line":3,"column":25},"end":{"line":5,"column":1}},"1":{"start":{"line":4,"column":4},"end":{"line":4,"column":49}},"2":{"start":{"line":7,"column":28},"end":{"line":9,"column":1}},"3":{"start":{"line":8,"column":4},"end":{"line":8,"column":44}},"4":{"start":{"line":11,"column":34},"end":{"line":16,"column":1}},"5":{"start":{"line":12,"column":4},"end":{"line":15,"column":36}}},"fnMap":{"0":{"name":"(anonymous_0)","decl":{"start":{"line":3,"column":25},"end":{"line":3,"column":26}},"loc":{"start":{"line":3,"column":40},"end":{"line":5,"column":1}},"line":3},"1":{"name":"(anonymous_1)","decl":{"start":{"line":7,"column":28},"end":{"line":7,"column":29}},"loc":{"start":{"line":7,"column":41},"end":{"line":9,"column":1}},"line":7},"2":{"name":"(anonymous_2)","decl":{"start":{"line":11,"column":34},"end":{"line":11,"column":35}},"loc":{"start":{"line":11,"column":79},"end":{"line":16,"column":1}},"line":11}},"branchMap":{"0":{"loc":{"start":{"line":4,"column":11},"end":{"line":4,"column":48}},"type":"binary-expr","locations":[{"start":{"line":4,"column":11},"end":{"line":4,"column":23}},{"start":{"line":4,"column":27},"end":{"line":4,"column":48}}],"line":4},"1":{"loc":{"start":{"line":8,"column":11},"end":{"line":8,"column":43}},"type":"cond-expr","locations":[{"start":{"line":8,"column":28},"end":{"line":8,"column":39}},{"start":{"line":8,"column":42},"end":{"line":8,"column":43}}],"line":8},"2":{"loc":{"start":{"line":12,"column":11},"end":{"line":15,"column":35}},"type":"binary-expr","locations":[{"start":{"line":12,"column":11},"end":{"line":12,"column":25}},{"start":{"line":13,"column":8},"end":{"line":13,"column":24}},{"start":{"line":14,"column":8},"end":{"line":14,"column":22}},{"start":{"line":15,"column":8},"end":{"line":15,"column":35}}],"line":12}},"s":{"0":1,"1":6803,"2":1,"3":5,"4":1,"5":2266},"f":{"0":6803,"1":5,"2":2266},"b":{"0":[6803,6803],"1":[5,0],"2":[2266,2266,2266,2266]},"_coverageSchema":"1a1c01bbd47fc00a2c39e90264f33305004495a9","hash":"dc7d5ea7feb3c8f24f71ca661cecff2caad0fd4b"}
}
