TN:
SF:src/config/Config.ts
FN:14,(anonymous_0)
FN:31,(anonymous_1)
FNF:2
FNH:2
FNDA:1,(anonymous_0)
FNDA:1,(anonymous_1)
DA:14,1
DA:15,1
DA:17,1
DA:18,0
DA:21,1
DA:31,1
DA:32,1
DA:41,1
LF:8
LH:7
BRDA:17,0,0,0
BRDA:17,0,1,1
BRDA:17,1,0,1
BRDA:17,1,1,1
BRDA:32,2,0,1
BRDA:32,2,1,1
BRDA:32,2,2,1
BRDA:32,2,3,1
BRDA:32,2,4,1
BRDA:32,2,5,1
BRDA:32,2,6,1
BRF:11
BRH:10
end_of_record
TN:
SF:src/entity/Cell.ts
FN:11,(anonymous_0)
FN:20,(anonymous_1)
FN:24,(anonymous_2)
FN:28,(anonymous_3)
FN:32,(anonymous_4)
FN:36,(anonymous_5)
FN:40,(anonymous_6)
FN:44,(anonymous_7)
FN:48,(anonymous_8)
FN:52,(anonymous_9)
FN:56,(anonymous_10)
FN:60,(anonymous_11)
FN:64,(anonymous_12)
FN:68,(anonymous_13)
FN:72,(anonymous_14)
FN:76,(anonymous_15)
FN:80,(anonymous_16)
FN:84,(anonymous_17)
FN:88,(anonymous_18)
FN:92,(anonymous_19)
FN:96,(anonymous_20)
FNF:21
FNH:17
FNDA:628,(anonymous_0)
FNDA:0,(anonymous_1)
FNDA:0,(anonymous_2)
FNDA:0,(anonymous_3)
FNDA:0,(anonymous_4)
FNDA:303,(anonymous_5)
FNDA:303,(anonymous_6)
FNDA:303,(anonymous_7)
FNDA:303,(anonymous_8)
FNDA:302,(anonymous_9)
FNDA:302,(anonymous_10)
FNDA:302,(anonymous_11)
FNDA:302,(anonymous_12)
FNDA:7185,(anonymous_13)
FNDA:7185,(anonymous_14)
FNDA:2723,(anonymous_15)
FNDA:566,(anonymous_16)
FNDA:159,(anonymous_17)
FNDA:159,(anonymous_18)
FNDA:144,(anonymous_19)
FNDA:144,(anonymous_20)
DA:12,628
DA:13,628
DA:14,628
DA:15,628
DA:16,628
DA:17,628
DA:21,0
DA:25,0
DA:29,0
DA:33,0
DA:37,303
DA:41,303
DA:45,303
DA:49,303
DA:53,302
DA:57,302
DA:61,302
DA:65,302
DA:69,7185
DA:73,7185
DA:77,2723
DA:81,566
DA:85,159
DA:89,159
DA:93,144
DA:97,144
LF:26
LH:22
BRDA:21,0,0,0
BRDA:21,0,1,0
BRDA:21,0,2,0
BRDA:25,1,0,0
BRDA:25,1,1,0
BRDA:25,1,2,0
BRDA:29,2,0,0
BRDA:29,2,1,0
BRDA:29,2,2,0
BRDA:33,3,0,0
BRDA:33,3,1,0
BRDA:33,3,2,0
BRF:12
BRH:0
end_of_record
TN:
SF:src/entity/Game.ts
FN:14,(anonymous_0)
FN:21,(anonymous_1)
FN:25,(anonymous_2)
FN:29,(anonymous_3)
FN:33,(anonymous_4)
FN:54,(anonymous_5)
FN:60,(anonymous_6)
FN:64,(anonymous_7)
FN:68,(anonymous_8)
FN:75,(anonymous_9)
FNF:10
FNH:4
FNDA:1,(anonymous_0)
FNDA:1,(anonymous_1)
FNDA:315,(anonymous_2)
FNDA:315,(anonymous_3)
FNDA:0,(anonymous_4)
FNDA:0,(anonymous_5)
FNDA:0,(anonymous_6)
FNDA:0,(anonymous_7)
FNDA:0,(anonymous_8)
FNDA:0,(anonymous_9)
DA:15,1
DA:16,1
DA:17,1
DA:18,1
DA:22,1
DA:26,315
DA:30,315
DA:34,0
DA:36,0
DA:37,0
DA:40,0
DA:41,0
DA:44,0
DA:45,0
DA:48,0
DA:49,0
DA:55,0
DA:56,0
DA:57,0
DA:61,0
DA:65,0
DA:69,0
DA:70,0
DA:71,0
DA:76,0
DA:77,0
DA:78,0
LF:27
LH:7
BRDA:34,0,0,0
BRDA:34,0,1,0
BRDA:34,0,2,0
BRDA:34,0,3,0
BRDA:71,1,0,0
BRDA:71,1,1,0
BRDA:78,2,0,0
BRDA:78,2,1,0
BRF:8
BRH:0
end_of_record
TN:
SF:src/entity/LocationPoint.ts
FN:6,(anonymous_0)
FN:11,(anonymous_1)
FN:15,(anonymous_2)
FNF:3
FNH:3
FNDA:632,(anonymous_0)
FNDA:8994,(anonymous_1)
FNDA:7854,(anonymous_2)
DA:7,632
DA:8,632
DA:12,8994
DA:16,7854
LF:4
LH:4
BRF:0
BRH:0
end_of_record
TN:
SF:src/entity/Maze.ts
FN:17,(anonymous_0)
FN:31,(anonymous_1)
FN:36,(anonymous_2)
FN:50,(anonymous_3)
FN:51,(anonymous_4)
FN:54,(anonymous_5)
FN:80,(anonymous_6)
FN:85,(anonymous_7)
FN:90,(anonymous_8)
FN:94,(anonymous_9)
FN:98,(anonymous_10)
FN:102,(anonymous_11)
FN:106,(anonymous_12)
FN:110,(anonymous_13)
FN:115,(anonymous_14)
FNF:15
FNH:13
FNDA:1,(anonymous_0)
FNDA:1,(anonymous_1)
FNDA:566,(anonymous_2)
FNDA:566,(anonymous_3)
FNDA:2158,(anonymous_4)
FNDA:566,(anonymous_5)
FNDA:565,(anonymous_6)
FNDA:1,(anonymous_7)
FNDA:16,(anonymous_8)
FNDA:336,(anonymous_9)
FNDA:5448,(anonymous_10)
FNDA:2723,(anonymous_11)
FNDA:566,(anonymous_12)
FNDA:0,(anonymous_13)
FNDA:0,(anonymous_14)
DA:18,1
DA:19,0
DA:22,1
DA:23,1
DA:24,1
DA:25,1
DA:26,1
DA:27,1
DA:28,1
DA:32,1
DA:33,1
DA:37,566
DA:38,566
DA:40,566
DA:41,565
DA:42,565
DA:43,299
DA:45,565
DA:46,565
DA:51,2158
DA:55,566
DA:57,566
DA:58,544
DA:59,544
DA:62,566
DA:63,542
DA:64,542
DA:67,566
DA:68,534
DA:69,534
DA:72,566
DA:73,538
DA:74,538
DA:77,566
DA:81,565
DA:82,565
DA:86,1
DA:91,16
DA:95,336
DA:99,5448
DA:103,2723
DA:107,566
DA:111,0
DA:112,0
DA:113,0
DA:115,0
DA:116,0
DA:117,0
DA:119,0
DA:120,0
DA:122,0
DA:123,0
DA:125,0
DA:126,0
DA:130,0
LF:55
LH:41
BRDA:18,0,0,0
BRDA:18,0,1,1
BRDA:42,1,0,299
BRDA:42,1,1,266
BRDA:57,2,0,544
BRDA:57,2,1,22
BRDA:62,3,0,542
BRDA:62,3,1,24
BRDA:67,4,0,534
BRDA:67,4,1,32
BRDA:72,5,0,538
BRDA:72,5,1,28
BRDA:86,6,0,1
BRDA:86,6,1,1
BRDA:116,7,0,0
BRDA:116,7,1,0
BRDA:116,8,0,0
BRDA:116,8,1,0
BRDA:119,9,0,0
BRDA:119,9,1,0
BRDA:119,10,0,0
BRDA:119,10,1,0
BRDA:122,11,0,0
BRDA:122,11,1,0
BRDA:122,12,0,0
BRDA:122,12,1,0
BRDA:125,13,0,0
BRDA:125,13,1,0
BRDA:125,14,0,0
BRDA:125,14,1,0
BRF:30
BRH:13
end_of_record
TN:
SF:src/entity/Monster.ts
FN:5,(anonymous_0)
FN:9,(anonymous_1)
FNF:2
FNH:1
FNDA:1,(anonymous_0)
FNDA:0,(anonymous_1)
DA:6,1
DA:10,0
LF:2
LH:1
BRF:0
BRH:0
end_of_record
TN:
SF:src/entity/Movable.ts
FN:7,(anonymous_0)
FN:12,(anonymous_1)
FN:16,(anonymous_2)
FN:23,(anonymous_3)
FN:30,(anonymous_4)
FN:37,(anonymous_5)
FNF:6
FNH:2
FNDA:2,(anonymous_0)
FNDA:630,(anonymous_1)
FNDA:0,(anonymous_2)
FNDA:0,(anonymous_3)
FNDA:0,(anonymous_4)
FNDA:0,(anonymous_5)
DA:8,2
DA:9,2
DA:13,630
DA:17,0
DA:24,0
DA:31,0
DA:38,0
LF:7
LH:3
BRF:0
BRH:0
end_of_record
TN:
SF:src/entity/Player.ts
FN:5,(anonymous_0)
FN:9,(anonymous_1)
FNF:2
FNH:1
FNDA:1,(anonymous_0)
FNDA:0,(anonymous_1)
DA:6,1
DA:10,0
LF:2
LH:1
BRF:0
BRH:0
end_of_record
TN:
SF:src/utils/Direction.ts
FN:8,(anonymous_0)
FNF:1
FNH:0
FNDA:0,(anonymous_0)
DA:8,1
DA:9,0
LF:2
LH:1
BRF:0
BRH:0
end_of_record
TN:
SF:src/utils/MazeUtils.ts
FN:9,(anonymous_0)
FN:21,(anonymous_1)
FN:26,(anonymous_2)
FN:32,(anonymous_3)
FN:54,(anonymous_4)
FN:146,(anonymous_5)
FNF:6
FNH:6
FNDA:2,(anonymous_0)
FNDA:2,(anonymous_1)
FNDA:2,(anonymous_2)
FNDA:303,(anonymous_3)
FNDA:1,(anonymous_4)
FNDA:300,(anonymous_5)
DA:6,1
DA:7,1
DA:9,1
DA:10,2
DA:12,2
DA:13,31
DA:14,31
DA:15,620
DA:18,2
DA:21,1
DA:22,2
DA:23,2
DA:26,1
DA:27,2
DA:28,2
DA:29,2
DA:32,1
DA:33,303
DA:34,78
DA:35,78
DA:38,303
DA:39,81
DA:40,81
DA:43,303
DA:44,73
DA:45,73
DA:48,303
DA:49,71
DA:50,71
DA:54,1
DA:55,1
DA:56,1
DA:92,1
DA:93,20
DA:96,1
DA:97,15
DA:98,15
DA:99,300
DA:101,300
DA:102,300
DA:103,300
DA:104,300
DA:105,300
DA:107,300
DA:110,300
DA:111,1
DA:114,300
DA:115,1
DA:118,300
DA:119,300
DA:122,300
DA:124,300
DA:125,1
DA:128,300
DA:129,1
DA:132,300
DA:134,15
DA:137,1
DA:143,1
DA:146,1
DA:147,300
DA:149,300
DA:150,143
DA:153,300
DA:154,143
DA:157,300
DA:158,158
DA:161,300
DA:162,158
DA:165,300
LF:70
LH:70
BRDA:33,0,0,78
BRDA:33,0,1,225
BRDA:38,1,0,81
BRDA:38,1,1,222
BRDA:43,2,0,73
BRDA:43,2,1,230
BRDA:48,3,0,71
BRDA:48,3,1,232
BRDA:103,4,0,300
BRDA:103,4,1,15
BRDA:104,5,0,300
BRDA:104,5,1,15
BRDA:105,6,0,300
BRDA:105,6,1,15
BRDA:107,7,0,300
BRDA:107,7,1,15
BRDA:110,8,0,1
BRDA:110,8,1,299
BRDA:114,9,0,1
BRDA:114,9,1,299
BRDA:118,10,0,300
BRDA:118,10,1,0
BRDA:124,11,0,1
BRDA:124,11,1,299
BRDA:128,12,0,1
BRDA:128,12,1,299
BRDA:149,13,0,143
BRDA:149,13,1,157
BRDA:153,14,0,143
BRDA:153,14,1,157
BRDA:157,15,0,158
BRDA:157,15,1,142
BRDA:161,16,0,158
BRDA:161,16,1,142
BRF:34
BRH:33
end_of_record
TN:
SF:src/utils/NumberUtils.ts
FN:3,(anonymous_0)
FN:7,(anonymous_1)
FN:11,(anonymous_2)
FNF:3
FNH:3
FNDA:6803,(anonymous_0)
FNDA:5,(anonymous_1)
FNDA:2266,(anonymous_2)
DA:3,1
DA:4,6803
DA:7,1
DA:8,5
DA:11,1
DA:12,2266
LF:6
LH:6
BRDA:4,0,0,6803
BRDA:4,0,1,6803
BRDA:8,1,0,5
BRDA:8,1,1,0
BRDA:12,2,0,2266
BRDA:12,2,1,2266
BRDA:12,2,2,2266
BRDA:12,2,3,2266
BRF:8
BRH:7
end_of_record
